1:package com.lingtong.IO;
2:
3:import java.io.BufferedReader;
4:import java.io.BufferedWriter;
5:import java.io.File;
6:import java.io.FileWriter;
7:import java.io.IOException;
8:import java.io.PrintWriter;
9:import java.io.StringReader;
10:
11:public class BasicFileOutput {
12:    public static String file = "BasicFileOutput.out";
13:	/**
14:	 * @param args
15:	 * @throws IOException 
16:	 */
17:	public static void main(String[] args) throws IOException {
18:         BufferedReader br = new BufferedReader(
19:        		  new StringReader(BufferedInputFile.read("D:\\ProgramFiles\\MyEclipseWorkspace\\IOTest\\src\\com\\lingtong\\IO\\BasicFileOutput.java")));
20:         
21:         PrintWriter pw = new PrintWriter(new BufferedWriter(new FileWriter(file)));
22:         
23:         int lineCount = 1;
24:         String s;
25:         while((s=br.readLine()) != null){
26:        	pw.println(lineCount++ + ":" +s); 
27:         }
28:         pw.close();
29:         System.out.println(BufferedInputFile.read(file));
30:	}
31:
32:}
